<?xml version="1.0" encoding="UTF-8"?>
<!-- Generated by org.testng.reporters.JUnitXMLReporter -->
<testsuite ignored="0" hostname="LAPTOP-9FUSMSRB" failures="1" tests="1" name="Test_Firefox" time="0.056" errors="0" timestamp="2023-06-27T21:02:02 IST">
  <testcase classname="src.Runner_Script.ParalellExecution" name="test" time="0.0">
    <failure type="org.testng.TestNGException" message="
Unsupported type parameter : class java.lang.Object">
      <![CDATA[org.testng.TestNGException: 
Unsupported type parameter : class java.lang.Object
at java.base/java.util.ArrayList.forEach(ArrayList.java:1511)
at java.base/java.util.concurrent.FutureTask.run(FutureTask.java:264)
at java.base/java.util.concurrent.ThreadPoolExecutor.runWorker(ThreadPoolExecutor.java:1136)
at java.base/java.util.concurrent.ThreadPoolExecutor$Worker.run(ThreadPoolExecutor.java:635)
at java.base/java.lang.Thread.run(Thread.java:833)
... Removed 17 stack frames]]>
    </failure>
  </testcase> <!-- test -->
</testsuite> <!-- Test_Firefox -->
